<?xml version="1.0" encoding="UTF-8"?>
<!-- Generated by org.testng.reporters.JUnitReportReporter -->
<testsuite hostname="VSP-7DVZN73" failures="1" tests="2" name="cucumber.TestNGTestRunner" time="111.131" errors="0" timestamp="2023-03-03T12:22:57 IST" skipped="0">
  <testcase classname="cucumber.TestNGTestRunner" name="runScenario" time="56.275"/>
  <system-out/>
  <testcase classname="cucumber.TestNGTestRunner" name="runScenario" time="54.856">
    <failure message="expected [Hello, Sandeep] but found [Hello, Gokul]" type="java.lang.AssertionError">
      <![CDATA[java.lang.AssertionError: expected [Hello, Sandeep] but found [Hello, Gokul]
at org.testng.Assert.fail(Assert.java:110)
at org.testng.Assert.failNotEquals(Assert.java:1577)
at org.testng.Assert.assertEqualsImpl(Assert.java:149)
at org.testng.Assert.assertEquals(Assert.java:131)
at org.testng.Assert.assertEquals(Assert.java:655)
at org.testng.Assert.assertEquals(Assert.java:665)
at com.AngularSiteTestingDemo.stepDefinitions.StepDefinitionImpl.I_verify_the_account_holders_name(StepDefinitionImpl.java:103)
at âœ½.I verify the account holders name Hello, Sandeep(file:///C:/Users/GokulRajIbrahimpatna/git/repository/AngularSiteTestingDemo/src/test/java/cucumber/ForbesAutomation_TC_SignIn_001.feature:22)
]]>
    </failure>
  </testcase> <!-- runScenario -->
  <system-out/>
</testsuite> <!-- cucumber.TestNGTestRunner -->
