<?xml version="1.0" encoding="UTF-8"?>
<testng-results ignored="0" total="2" passed="1" failed="1" skipped="0">
  <reporter-output>
  </reporter-output>
  <suite started-at="2023-03-03T12:21:04 IST" name="Default suite" finished-at="2023-03-03T12:22:57 IST" duration-ms="112396">
    <groups>
      <group name="cucumber">
        <method signature="AbstractTestNGCucumberTests.runScenario(io.cucumber.testng.PickleWrapper,io.cucumber.testng.FeatureWrapper)[pri:0, instance:cucumber.TestNGTestRunner@55fe41ea]" name="runScenario" class="io.cucumber.testng.AbstractTestNGCucumberTests"/>
      </group> <!-- cucumber -->
    </groups>
    <test started-at="2023-03-03T12:21:04 IST" name="Default test" finished-at="2023-03-03T12:22:57 IST" duration-ms="112396">
      <class name="cucumber.TestNGTestRunner">
        <test-method is-config="true" signature="setUpClass(org.testng.ITestContext)[pri:0, instance:cucumber.TestNGTestRunner@55fe41ea]" started-at="2023-03-03T12:21:05 IST" name="setUpClass" finished-at="2023-03-03T12:21:05 IST" duration-ms="804" status="PASS">
          <params>
            <param index="0">
              <value>
                <![CDATA[org.testng.TestRunner@5d27b4c1]]>
              </value>
            </param>
          </params>
          <reporter-output>
          </reporter-output>
        </test-method> <!-- setUpClass -->
        <test-method signature="runScenario(io.cucumber.testng.PickleWrapper,io.cucumber.testng.FeatureWrapper)[pri:0, instance:cucumber.TestNGTestRunner@55fe41ea]" started-at="2023-03-03T12:21:05 IST" name="runScenario" description="Runs Cucumber Scenarios" data-provider="scenarios" finished-at="2023-03-03T12:22:02 IST" duration-ms="56275" status="PASS">
          <params>
            <param index="0">
              <value>
                <![CDATA["Positive test for signing in to the website"]]>
              </value>
            </param>
            <param index="1">
              <value>
                <![CDATA["Sign-in to Forbes website."]]>
              </value>
            </param>
          </params>
          <reporter-output>
          </reporter-output>
        </test-method> <!-- runScenario -->
        <test-method signature="runScenario(io.cucumber.testng.PickleWrapper,io.cucumber.testng.FeatureWrapper)[pri:0, instance:cucumber.TestNGTestRunner@55fe41ea]" started-at="2023-03-03T12:22:02 IST" name="runScenario" description="Runs Cucumber Scenarios" data-provider="scenarios" finished-at="2023-03-03T12:22:56 IST" duration-ms="54856" status="FAIL">
          <params>
            <param index="0">
              <value>
                <![CDATA["Negative test for signing in to the website"]]>
              </value>
            </param>
            <param index="1">
              <value>
                <![CDATA["Sign-in to Forbes website."]]>
              </value>
            </param>
          </params>
          <exception class="java.lang.AssertionError">
            <message>
              <![CDATA[expected [Hello, Sandeep] but found [Hello, Gokul]]]>
            </message>
            <full-stacktrace>
              <![CDATA[java.lang.AssertionError: expected [Hello, Sandeep] but found [Hello, Gokul]
at org.testng.Assert.fail(Assert.java:110)
at org.testng.Assert.failNotEquals(Assert.java:1577)
at org.testng.Assert.assertEqualsImpl(Assert.java:149)
at org.testng.Assert.assertEquals(Assert.java:131)
at org.testng.Assert.assertEquals(Assert.java:655)
at org.testng.Assert.assertEquals(Assert.java:665)
at com.AngularSiteTestingDemo.stepDefinitions.StepDefinitionImpl.I_verify_the_account_holders_name(StepDefinitionImpl.java:103)
at âœ½.I verify the account holders name Hello, Sandeep(file:///C:/Users/GokulRajIbrahimpatna/git/repository/AngularSiteTestingDemo/src/test/java/cucumber/ForbesAutomation_TC_SignIn_001.feature:22)
]]>
            </full-stacktrace>
          </exception> <!-- java.lang.AssertionError -->
          <reporter-output>
          </reporter-output>
        </test-method> <!-- runScenario -->
        <test-method is-config="true" signature="tearDownClass()[pri:0, instance:cucumber.TestNGTestRunner@55fe41ea]" started-at="2023-03-03T12:22:56 IST" name="tearDownClass" finished-at="2023-03-03T12:22:57 IST" duration-ms="377" status="PASS">
          <reporter-output>
          </reporter-output>
        </test-method> <!-- tearDownClass -->
      </class> <!-- cucumber.TestNGTestRunner -->
    </test> <!-- Default test -->
  </suite> <!-- Default suite -->
</testng-results>
